<?xml version="1.0" encoding="UTF-8" ?>
<testsuite errors="0" failures="0" hostname="hanplusplus" name="org.mozilla.javascript.tests.GlobalParseXTest" skipped="0" tests="2" time="0.114" timestamp="2014-10-27T23:06:02">
  <properties>
[...]
</properties>
  <testcase classname="org.mozilla.javascript.tests.GlobalParseXTest" name="testParseFloatTrailingNoise" time="0.064" />
  <testcase classname="org.mozilla.javascript.tests.GlobalParseXTest" name="testParseFloatAndIntWhiteSpaces" time="0.047" />
  <system-out><![CDATA[]]></system-out>
  <system-err><![CDATA[]]></system-err>
</testsuite>
